<?xml version="1.0" encoding="UTF-8"?>
<testng-results skipped="0" failed="0" total="1" passed="1">
  <reporter-output>
  </reporter-output>
  <suite name="Default suite" duration-ms="85384" started-at="2020-12-27T12:06:51Z" finished-at="2020-12-27T12:08:16Z">
    <groups>
    </groups>
    <test name="Default test" duration-ms="85384" started-at="2020-12-27T12:06:51Z" finished-at="2020-12-27T12:08:16Z">
      <class name="Selenium.Selenium.App">
        <test-method status="PASS" signature="main()[pri:0, instance:Selenium.Selenium.App@d5c04e]" name="main" duration-ms="85350" started-at="2020-12-27T17:36:51Z" finished-at="2020-12-27T17:38:16Z">
          <reporter-output>
          </reporter-output>
        </test-method> <!-- main -->
      </class> <!-- Selenium.Selenium.App -->
    </test> <!-- Default test -->
  </suite> <!-- Default suite -->
</testng-results>
