<?xml version="1.0" encoding="UTF-8"?>
<testng-results skipped="0" failed="0" total="1" passed="1">
  <reporter-output>
  </reporter-output>
  <suite name="Default suite" duration-ms="71974" started-at="2020-12-27T10:48:22Z" finished-at="2020-12-27T10:49:34Z">
    <groups>
    </groups>
    <test name="Default test" duration-ms="71974" started-at="2020-12-27T10:48:22Z" finished-at="2020-12-27T10:49:34Z">
      <class name="Selenium.Selenium.App">
        <test-method status="PASS" signature="main()[pri:0, instance:Selenium.Selenium.App@d5c04e]" name="main" duration-ms="71960" started-at="2020-12-27T16:18:22Z" finished-at="2020-12-27T16:19:34Z">
          <reporter-output>
          </reporter-output>
        </test-method> <!-- main -->
      </class> <!-- Selenium.Selenium.App -->
    </test> <!-- Default test -->
  </suite> <!-- Default suite -->
</testng-results>
